<?xml version="1.0" encoding="UTF-8"?>
<!-- Generated by org.testng.reporters.JUnitReportReporter -->
<testsuite hostname="LTIN214912" failures="0" tests="1" name="bugClass.BugReport" time="10.271" errors="0" timestamp="2024-03-17T00:07:07 IST" skipped="0">
  <testcase classname="bugClass.BugReport" name="launch" time="10.271"/>
</testsuite> <!-- bugClass.BugReport -->
