<?xml version="1.0" encoding="UTF-8"?>
<!-- Generated by org.testng.reporters.JUnitReportReporter -->
<testsuite hostname="LTIN214912" failures="0" tests="2" name="testCase.TC_04_CountAdult" time="30.977" errors="0" timestamp="2024-03-26T11:13:09 IST" skipped="0">
  <testcase classname="testCase.TC_04_CountAdult" name="adultCount" time="16.394"/>
  <testcase classname="testCase.TC_04_CountAdult" name="adultCount" time="14.583"/>
</testsuite> <!-- testCase.TC_04_CountAdult -->
