<?xml version="1.0" encoding="UTF-8"?>
<!-- Generated by org.testng.reporters.JUnitReportReporter -->
<testsuite hostname="LTIN214912" failures="0" tests="6" name="testCase.TC_01_verifyHomePage" time="220.544" errors="0" timestamp="2024-03-26T11:13:09 IST" skipped="0">
  <testcase classname="testCase.TC_01_verifyHomePage" name="verifyCabs" time="23.986"/>
  <testcase classname="testCase.TC_01_verifyHomePage" name="verifyCabs" time="28.206"/>
  <testcase classname="testCase.TC_01_verifyHomePage" name="verifyCabs" time="59.493"/>
  <testcase classname="testCase.TC_01_verifyHomePage" name="verifyCabs" time="31.777"/>
  <testcase classname="testCase.TC_01_verifyHomePage" name="verifyCabs" time="35.180"/>
  <testcase classname="testCase.TC_01_verifyHomePage" name="verifyCabs" time="41.902"/>
</testsuite> <!-- testCase.TC_01_verifyHomePage -->
