<?xml version="1.0" encoding="UTF-8"?>
<!-- Generated by org.testng.reporters.JUnitReportReporter -->
<testsuite hostname="LTIN214912" failures="0" tests="4" name="testCase.TC_03_GiftCardBoookingTest" time="57.446" errors="0" timestamp="2024-03-26T11:13:09 IST" skipped="0">
  <testcase classname="testCase.TC_03_GiftCardBoookingTest" name="gift" time="8.599"/>
  <testcase classname="testCase.TC_03_GiftCardBoookingTest" name="gift" time="8.662"/>
  <testcase classname="testCase.TC_03_GiftCardBoookingTest" name="giftCard" time="19.749"/>
  <testcase classname="testCase.TC_03_GiftCardBoookingTest" name="giftCard" time="20.436"/>
</testsuite> <!-- testCase.TC_03_GiftCardBoookingTest -->
